[16-Aug-2021 03:10:36] ERROR: failed to open error_log (/proc/self/fd/2): Permission denied (13)
[16-Aug-2021 03:10:36] ERROR: failed to post process the configuration
[16-Aug-2021 03:10:36] ERROR: FPM initialization failed
[16-Aug-2021 03:10:37] ERROR: failed to open error_log (/proc/self/fd/2): Permission denied (13)
[16-Aug-2021 03:10:37] ERROR: failed to post process the configuration
[16-Aug-2021 03:10:37] ERROR: FPM initialization failed
[16-Aug-2021 03:10:39] ERROR: failed to open error_log (/proc/self/fd/2): Permission denied (13)
[16-Aug-2021 03:10:39] ERROR: failed to post process the configuration
[16-Aug-2021 03:10:39] ERROR: FPM initialization failed
[16-Aug-2021 03:10:42] ERROR: failed to open error_log (/proc/self/fd/2): Permission denied (13)
[16-Aug-2021 03:10:42] ERROR: failed to post process the configuration
[16-Aug-2021 03:10:42] ERROR: FPM initialization failed
[16-Aug-2021 03:26:14] ERROR: failed to open error_log (/proc/self/fd/2): Permission denied (13)
[16-Aug-2021 03:26:14] ERROR: failed to post process the configuration
[16-Aug-2021 03:26:14] ERROR: FPM initialization failed
[16-Aug-2021 03:26:15] ERROR: failed to open error_log (/proc/self/fd/2): Permission denied (13)
[16-Aug-2021 03:26:15] ERROR: failed to post process the configuration
[16-Aug-2021 03:26:15] ERROR: FPM initialization failed
[16-Aug-2021 03:26:18] ERROR: failed to open error_log (/proc/self/fd/2): Permission denied (13)
[16-Aug-2021 03:26:18] ERROR: failed to post process the configuration
[16-Aug-2021 03:26:18] ERROR: FPM initialization failed
[16-Aug-2021 03:26:21] ERROR: failed to open error_log (/proc/self/fd/2): Permission denied (13)
[16-Aug-2021 03:26:21] ERROR: failed to post process the configuration
[16-Aug-2021 03:26:21] ERROR: FPM initialization failed
[16-Aug-2021 03:28:37] ERROR: failed to open error_log (/proc/self/fd/2): Permission denied (13)
[16-Aug-2021 03:28:37] ERROR: failed to post process the configuration
[16-Aug-2021 03:28:37] ERROR: FPM initialization failed
[16-Aug-2021 03:28:39] ERROR: failed to open error_log (/proc/self/fd/2): Permission denied (13)
[16-Aug-2021 03:28:39] ERROR: failed to post process the configuration
[16-Aug-2021 03:28:39] ERROR: FPM initialization failed
[16-Aug-2021 03:28:41] ERROR: failed to open error_log (/proc/self/fd/2): Permission denied (13)
[16-Aug-2021 03:28:41] ERROR: failed to post process the configuration
[16-Aug-2021 03:28:41] ERROR: FPM initialization failed
[16-Aug-2021 03:28:44] ERROR: failed to open error_log (/proc/self/fd/2): Permission denied (13)
[16-Aug-2021 03:28:44] ERROR: failed to post process the configuration
[16-Aug-2021 03:28:44] ERROR: FPM initialization failed
[16-Aug-2021 03:34:55] ERROR: failed to open error_log (/proc/self/fd/2): Permission denied (13)
[16-Aug-2021 03:34:55] ERROR: failed to post process the configuration
[16-Aug-2021 03:34:55] ERROR: FPM initialization failed
[16-Aug-2021 03:34:56] ERROR: failed to open error_log (/proc/self/fd/2): Permission denied (13)
[16-Aug-2021 03:34:56] ERROR: failed to post process the configuration
[16-Aug-2021 03:34:56] ERROR: FPM initialization failed
[16-Aug-2021 03:34:58] ERROR: failed to open error_log (/proc/self/fd/2): Permission denied (13)
[16-Aug-2021 03:34:58] ERROR: failed to post process the configuration
[16-Aug-2021 03:34:58] ERROR: FPM initialization failed
[16-Aug-2021 03:35:02] ERROR: failed to open error_log (/proc/self/fd/2): Permission denied (13)
[16-Aug-2021 03:35:02] ERROR: failed to post process the configuration
[16-Aug-2021 03:35:02] ERROR: FPM initialization failed
[16-Aug-2021 03:37:42] NOTICE: fpm is running, pid 11
[16-Aug-2021 03:37:42] NOTICE: ready to handle connections
[16-Aug-2021 16:00:34] NOTICE: Terminating ...
[16-Aug-2021 16:00:34] NOTICE: exiting, bye-bye!
[16-Aug-2021 16:01:02] NOTICE: fpm is running, pid 11
[16-Aug-2021 16:01:02] NOTICE: ready to handle connections
[16-Aug-2021 16:05:43] NOTICE: Terminating ...
[16-Aug-2021 16:05:43] NOTICE: exiting, bye-bye!
[16-Aug-2021 16:06:16] NOTICE: fpm is running, pid 9
[16-Aug-2021 16:06:16] NOTICE: ready to handle connections
NOTICE: PHP message: Xdebug: [Step Debug] Could not connect to debugging client. Tried: host.docker.internal:9003 (through xdebug.client_host/xdebug.client_port) :-(
192.168.176.3 -  16/Aug/2021:16:09:54 +0000 "GET /index.php" 500
NOTICE: PHP message: Xdebug: [Step Debug] Could not connect to debugging client. Tried: host.docker.internal:9003 (through xdebug.client_host/xdebug.client_port) :-(
NOTICE: PHP message: Xdebug: [Step Debug] Could not connect to debugging client. Tried: host.docker.internal:9003 (through xdebug.client_host/xdebug.client_port) :-(
NOTICE: PHP message: Xdebug: [Step Debug] Could not connect to debugging client. Tried: host.docker.internal:9003 (through xdebug.client_host/xdebug.client_port) :-(
[16-Aug-2021 16:32:08] NOTICE: Terminating ...
[16-Aug-2021 16:32:08] NOTICE: exiting, bye-bye!
